[2024-12-28 20:56:34] Début du débogage
[2024-12-28 20:56:34] Variables POST: Array
(
    [email] => user1@gmail.com
    [task_id] => 35
)

[2024-12-28 20:56:34] Variables SESSION: Array
(
    [user_id] => 27
    [user_role] => 1
)

[2024-12-28 20:56:34] Email reçu: user1@gmail.com
[2024-12-28 20:56:34] TaskId reçu: 35
[2024-12-28 20:59:50] Début du débogage
[2024-12-28 20:59:50] Variables POST: Array
(
    [email] => user1@gmail.com
    [task_id] => 35
)

[2024-12-28 20:59:50] Variables SESSION: Array
(
    [user_id] => 27
    [user_role] => 1
)

[2024-12-28 20:59:50] Email reçu: user1@gmail.com
[2024-12-28 20:59:50] TaskId reçu: 35
[2024-12-28 21:02:20] Début du débogage
[2024-12-28 21:02:20] Variables POST: Array
(
    [email] => user1@gmail.com
    [task_id] => 35
)

[2024-12-28 21:02:20] Variables SESSION: Array
(
    [user_id] => 27
    [user_role] => 1
)

[2024-12-28 21:02:20] Email reçu: user1@gmail.com
[2024-12-28 21:02:20] TaskId reçu: 35
[2024-12-28 21:04:09] Début du débogage
[2024-12-28 21:04:09] Variables POST: Array
(
    [email] => user1@gmail.com
    [task_id] => 35
)

[2024-12-28 21:04:09] Variables SESSION: Array
(
    [user_id] => 27
    [user_role] => 1
)

[2024-12-28 21:04:09] Email reçu: user1@gmail.com
[2024-12-28 21:04:09] TaskId reçu: 35
[2024-12-28 21:04:09] Utilisateur trouvé - ID: 28
[2024-12-28 21:04:09] Tâche trouvée - Titre: task2
[2024-12-28 21:05:48] Début du débogage
[2024-12-28 21:05:48] Variables POST: Array
(
    [email] => user1@gmail.com
    [task_id] => 35
)

[2024-12-28 21:05:48] Variables SESSION: Array
(
    [user_id] => 27
    [user_role] => 1
)

[2024-12-28 21:05:48] Email reçu: user1@gmail.com
[2024-12-28 21:05:48] TaskId reçu: 35
[2024-12-28 21:05:48] Utilisateur trouvé - ID: 28
[2024-12-28 21:05:48] Tâche trouvée - Titre: task2
[2024-12-28 21:05:48] Tâche assignée avec succès
