[2024-12-28 20:59:50] Script exécuté
Chemin du script: C:\xampp\htdocs\TaskFlow\api\debug_assign_task.php
Répertoire de travail: C:\xampp\htdocs\TaskFlow\api
Variables SERVER:
Array
(
    [DOCUMENT_ROOT] => C:\xampp\htdocs\TaskFlow
    [REMOTE_ADDR] => ::1
    [REMOTE_PORT] => 59518
    [SERVER_SOFTWARE] => PHP 8.2.12 Development Server
    [SERVER_PROTOCOL] => HTTP/1.1
    [SERVER_NAME] => localhost
    [SERVER_PORT] => 3000
    [REQUEST_URI] => /api/debug_assign_task.php
    [REQUEST_METHOD] => POST
    [SCRIPT_NAME] => /api/debug_assign_task.php
    [SCRIPT_FILENAME] => C:\xampp\htdocs\TaskFlow\api\debug_assign_task.php
    [PHP_SELF] => /api/debug_assign_task.php
    [HTTP_HOST] => localhost:3000
    [HTTP_CONNECTION] => keep-alive
    [CONTENT_LENGTH] => 34
    [HTTP_CONTENT_LENGTH] => 34
    [HTTP_SEC_CH_UA_PLATFORM] => "Windows"
    [HTTP_USER_AGENT] => Mozilla/5.0 (Windows NT 10.0; Win64; x64) AppleWebKit/537.36 (KHTML, like Gecko) Chrome/131.0.0.0 Safari/537.36 Edg/131.0.0.0
    [HTTP_SEC_CH_UA] => "Microsoft Edge";v="131", "Chromium";v="131", "Not_A Brand";v="24"
    [CONTENT_TYPE] => application/x-www-form-urlencoded
    [HTTP_CONTENT_TYPE] => application/x-www-form-urlencoded
    [HTTP_SEC_CH_UA_MOBILE] => ?0
    [HTTP_ACCEPT] => */*
    [HTTP_ORIGIN] => http://localhost:3000
    [HTTP_SEC_FETCH_SITE] => same-origin
    [HTTP_SEC_FETCH_MODE] => cors
    [HTTP_SEC_FETCH_DEST] => empty
    [HTTP_REFERER] => http://localhost:3000/index.php?page=admin
    [HTTP_ACCEPT_ENCODING] => gzip, deflate, br, zstd
    [HTTP_ACCEPT_LANGUAGE] => en,fr;q=0.9,fr-FR;q=0.8,en-GB;q=0.7,en-US;q=0.6,en-ZA;q=0.5
    [HTTP_COOKIE] => PHPSESSID=719ug8jf30ju55qm81m01acoef; AMP_MKTG_fe4beb374f=JTdCJTIycmVmZXJyZXIlMjIlM0ElMjJodHRwJTNBJTJGJTJGbG9jYWxob3N0JTNBMzAwMCUyRmluZGV4LnBocCUzRnBhZ2UlM0Rsb2dpbiUyMiUyQyUyMnJlZmVycmluZ19kb21haW4lMjIlM0ElMjJsb2NhbGhvc3QlM0EzMDAwJTIyJTdE; AMP_fe4beb374f=JTdCJTIyZGV2aWNlSWQlMjIlM0ElMjI0NWI2MTcyNi1lZDE0LTQ1MzktYjFiNy01MjU3MzJlZTQ0MTclMjIlMkMlMjJ1c2VySWQlMjIlM0ElMjIwZmI1YTMwZS1jY2UwLTQ3NzEtYjMwYS00NjFkYTI0YWU2YjclMjIlMkMlMjJzZXNzaW9uSWQlMjIlM0ExNzM1NDE1MzkxNzA2JTJDJTIyb3B0T3V0JTIyJTNBZmFsc2UlMkMlMjJsYXN0RXZlbnRUaW1lJTIyJTNBMTczNTQxNTM5MTc0OCUyQyUyMmxhc3RFdmVudElkJTIyJTNBMzklN0Q=
    [REQUEST_TIME_FLOAT] => 1735415990.5583
    [REQUEST_TIME] => 1735415990
)

[2024-12-28 21:02:20] Script exécuté
Chemin du script: C:\xampp\htdocs\TaskFlow\api\debug_assign_task.php
Répertoire de travail: C:\xampp\htdocs\TaskFlow\api
Variables SERVER:
Array
(
    [DOCUMENT_ROOT] => C:\xampp\htdocs\TaskFlow
    [REMOTE_ADDR] => ::1
    [REMOTE_PORT] => 59866
    [SERVER_SOFTWARE] => PHP 8.2.12 Development Server
    [SERVER_PROTOCOL] => HTTP/1.1
    [SERVER_NAME] => localhost
    [SERVER_PORT] => 3000
    [REQUEST_URI] => /api/debug_assign_task.php
    [REQUEST_METHOD] => POST
    [SCRIPT_NAME] => /api/debug_assign_task.php
    [SCRIPT_FILENAME] => C:\xampp\htdocs\TaskFlow\api\debug_assign_task.php
    [PHP_SELF] => /api/debug_assign_task.php
    [HTTP_HOST] => localhost:3000
    [HTTP_CONNECTION] => keep-alive
    [CONTENT_LENGTH] => 34
    [HTTP_CONTENT_LENGTH] => 34
    [HTTP_SEC_CH_UA_PLATFORM] => "Windows"
    [HTTP_USER_AGENT] => Mozilla/5.0 (Windows NT 10.0; Win64; x64) AppleWebKit/537.36 (KHTML, like Gecko) Chrome/131.0.0.0 Safari/537.36 Edg/131.0.0.0
    [HTTP_SEC_CH_UA] => "Microsoft Edge";v="131", "Chromium";v="131", "Not_A Brand";v="24"
    [CONTENT_TYPE] => application/x-www-form-urlencoded
    [HTTP_CONTENT_TYPE] => application/x-www-form-urlencoded
    [HTTP_SEC_CH_UA_MOBILE] => ?0
    [HTTP_ACCEPT] => */*
    [HTTP_ORIGIN] => http://localhost:3000
    [HTTP_SEC_FETCH_SITE] => same-origin
    [HTTP_SEC_FETCH_MODE] => cors
    [HTTP_SEC_FETCH_DEST] => empty
    [HTTP_REFERER] => http://localhost:3000/index.php?page=admin
    [HTTP_ACCEPT_ENCODING] => gzip, deflate, br, zstd
    [HTTP_ACCEPT_LANGUAGE] => en,fr;q=0.9,fr-FR;q=0.8,en-GB;q=0.7,en-US;q=0.6,en-ZA;q=0.5
    [HTTP_COOKIE] => PHPSESSID=719ug8jf30ju55qm81m01acoef; AMP_MKTG_fe4beb374f=JTdCJTIycmVmZXJyZXIlMjIlM0ElMjJodHRwJTNBJTJGJTJGbG9jYWxob3N0JTNBMzAwMCUyRmluZGV4LnBocCUzRnBhZ2UlM0Rsb2dpbiUyMiUyQyUyMnJlZmVycmluZ19kb21haW4lMjIlM0ElMjJsb2NhbGhvc3QlM0EzMDAwJTIyJTdE; AMP_fe4beb374f=JTdCJTIyZGV2aWNlSWQlMjIlM0ElMjI0NWI2MTcyNi1lZDE0LTQ1MzktYjFiNy01MjU3MzJlZTQ0MTclMjIlMkMlMjJ1c2VySWQlMjIlM0ElMjIwZmI1YTMwZS1jY2UwLTQ3NzEtYjMwYS00NjFkYTI0YWU2YjclMjIlMkMlMjJzZXNzaW9uSWQlMjIlM0ExNzM1NDE1MzkxNzA2JTJDJTIyb3B0T3V0JTIyJTNBZmFsc2UlMkMlMjJsYXN0RXZlbnRUaW1lJTIyJTNBMTczNTQxNTM5MTc0OCUyQyUyMmxhc3RFdmVudElkJTIyJTNBMzklN0Q=
    [REQUEST_TIME_FLOAT] => 1735416140.4468
    [REQUEST_TIME] => 1735416140
)

